0 info it worked if it ends with ok
1 verbose cli [ '/usr/bin/nodejs', '/usr/bin/npm', 'info', 'myjslib' ]
2 info using npm@3.8.6
3 info using node@v5.11.1
4 silly mapToRegistry name myjslib
5 silly mapToRegistry using default registry
6 silly mapToRegistry registry https://registry.npmjs.org/
7 silly mapToRegistry data Result {
7 silly mapToRegistry   raw: 'myjslib',
7 silly mapToRegistry   scope: null,
7 silly mapToRegistry   name: 'myjslib',
7 silly mapToRegistry   rawSpec: '',
7 silly mapToRegistry   spec: 'latest',
7 silly mapToRegistry   type: 'tag' }
8 silly mapToRegistry uri https://registry.npmjs.org/myjslib
9 verbose request uri https://registry.npmjs.org/myjslib
10 verbose request no auth needed
11 info attempt registry request try #1 at 2:23:43 PM
12 verbose request using bearer token for auth
13 verbose request id 3bbca97d2d5fb911
14 http request GET https://registry.npmjs.org/myjslib
15 http 404 https://registry.npmjs.org/myjslib
16 verbose headers { server: 'CouchDB/1.5.0 (Erlang OTP/R16B03)',
16 verbose headers   etag: '"1EL4YQQSFU9HJ093GHZ795JLB"',
16 verbose headers   'content-type': 'application/json',
16 verbose headers   'cache-control': 'max-age=0',
16 verbose headers   'content-length': '435',
16 verbose headers   'accept-ranges': 'bytes',
16 verbose headers   date: 'Sun, 26 Jun 2016 08:53:45 GMT',
16 verbose headers   via: '1.1 varnish',
16 verbose headers   connection: 'keep-alive',
16 verbose headers   'x-served-by': 'cache-sin6924-SIN',
16 verbose headers   'x-cache': 'MISS',
16 verbose headers   'x-cache-hits': '0',
16 verbose headers   'x-timer': 'S1466931224.178318,VS0,VE833',
16 verbose headers   vary: 'Accept-Encoding' }
17 silly get cb [ 404,
17 silly get   { server: 'CouchDB/1.5.0 (Erlang OTP/R16B03)',
17 silly get     etag: '"1EL4YQQSFU9HJ093GHZ795JLB"',
17 silly get     'content-type': 'application/json',
17 silly get     'cache-control': 'max-age=0',
17 silly get     'content-length': '435',
17 silly get     'accept-ranges': 'bytes',
17 silly get     date: 'Sun, 26 Jun 2016 08:53:45 GMT',
17 silly get     via: '1.1 varnish',
17 silly get     connection: 'keep-alive',
17 silly get     'x-served-by': 'cache-sin6924-SIN',
17 silly get     'x-cache': 'MISS',
17 silly get     'x-cache-hits': '0',
17 silly get     'x-timer': 'S1466931224.178318,VS0,VE833',
17 silly get     vary: 'Accept-Encoding' } ]
18 verbose stack Error: Registry returned 404 for GET on https://registry.npmjs.org/myjslib
18 verbose stack     at makeError (/usr/lib/node_modules/npm/node_modules/npm-registry-client/lib/request.js:264:12)
18 verbose stack     at CachingRegistryClient.<anonymous> (/usr/lib/node_modules/npm/node_modules/npm-registry-client/lib/request.js:242:14)
18 verbose stack     at Request._callback (/usr/lib/node_modules/npm/node_modules/npm-registry-client/lib/request.js:172:14)
18 verbose stack     at Request.self.callback (/usr/lib/node_modules/npm/node_modules/request/request.js:199:22)
18 verbose stack     at emitTwo (events.js:100:13)
18 verbose stack     at Request.emit (events.js:185:7)
18 verbose stack     at Request.<anonymous> (/usr/lib/node_modules/npm/node_modules/request/request.js:1036:10)
18 verbose stack     at emitOne (events.js:95:20)
18 verbose stack     at Request.emit (events.js:182:7)
18 verbose stack     at IncomingMessage.<anonymous> (/usr/lib/node_modules/npm/node_modules/request/request.js:963:12)
19 verbose statusCode 404
20 verbose pkgid myjslib
21 verbose cwd /home/nishant/library
22 error Linux 3.19.0-25-generic
23 error argv "/usr/bin/nodejs" "/usr/bin/npm" "info" "myjslib"
24 error node v5.11.1
25 error npm  v3.8.6
26 error code E404
27 error 404 Registry returned 404 for GET on https://registry.npmjs.org/myjslib
28 error 404
29 error 404 'myjslib' is not in the npm registry.
30 error 404 You should bug the author to publish it (or use the name yourself!)
31 error 404 Note that you can also install from a
32 error 404 tarball, folder, http url, or git url.
33 verbose exit [ 1, true ]
